# JRE version: OpenJDK Runtime Environment (8.0_152-b01) (build 1.8.0_152-release-1248-b01)
# Java VM: OpenJDK 64-Bit Server VM (25.152-b01 mixed mode linux-amd64 compressed oops)
Heap:
 PSYoungGen      total 459776K, used 3334K [0x00000000e0000000, 0x00000000fd300000, 0x0000000100000000)
  eden space 441344K, 0% used [0x00000000e0000000,0x00000000e0000000,0x00000000faf00000)
  from space 18432K, 18% used [0x00000000faf00000,0x00000000fb241928,0x00000000fc100000)
  to   space 13312K, 0% used [0x00000000fc600000,0x00000000fc600000,0x00000000fd300000)
 ParOldGen       total 120320K, used 52597K [0x00000000a0000000, 0x00000000a7580000, 0x00000000e0000000)
  object space 120320K, 43% used [0x00000000a0000000,0x00000000a335d4a0,0x00000000a7580000)
 Metaspace       used 95336K, capacity 98879K, committed 98968K, reserved 1136640K
  class space    used 11953K, capacity 12687K, committed 12720K, reserved 1048576K
GC Heap History (10 events):
Event: 837.646 GC heap after
Heap after GC invocations=28 (full 4):
 PSYoungGen      total 316928K, used 6145K [0x00000000e0000000, 0x00000000f4b00000, 0x0000000100000000)
  eden space 299008K, 0% used [0x00000000e0000000,0x00000000e0000000,0x00000000f2400000)
  from space 17920K, 34% used [0x00000000f3980000,0x00000000f3f80520,0x00000000f4b00000)
  to   space 19968K, 0% used [0x00000000f2400000,0x00000000f2400000,0x00000000f3780000)
 ParOldGen       total 120320K, used 49782K [0x00000000a0000000, 0x00000000a7580000, 0x00000000e0000000)
  object space 120320K, 41% used [0x00000000a0000000,0x00000000a309d878,0x00000000a7580000)
 Metaspace       used 95085K, capacity 98613K, committed 98712K, reserved 1134592K
  class space    used 11952K, capacity 12686K, committed 12720K, reserved 1048576K
}
Event: 842.738 GC heap before
{Heap before GC invocations=29 (full 4):
 PSYoungGen      total 316928K, used 305153K [0x00000000e0000000, 0x00000000f4b00000, 0x0000000100000000)
  eden space 299008K, 100% used [0x00000000e0000000,0x00000000f2400000,0x00000000f2400000)
  from space 17920K, 34% used [0x00000000f3980000,0x00000000f3f80520,0x00000000f4b00000)
  to   space 19968K, 0% used [0x00000000f2400000,0x00000000f2400000,0x00000000f3780000)
 ParOldGen       total 120320K, used 49782K [0x00000000a0000000, 0x00000000a7580000, 0x00000000e0000000)
  object space 120320K, 41% used [0x00000000a0000000,0x00000000a309d878,0x00000000a7580000)
 Metaspace       used 95142K, capacity 98681K, committed 98968K, reserved 1136640K
  class space    used 11952K, capacity 12686K, committed 12720K, reserved 1048576K
Event: 844.339 GC heap after
Heap after GC invocations=29 (full 4):
 PSYoungGen      total 318976K, used 5442K [0x00000000e0000000, 0x00000000f9100000, 0x0000000100000000)
  eden space 299008K, 0% used [0x00000000e0000000,0x00000000e0000000,0x00000000f2400000)
  from space 19968K, 27% used [0x00000000f2400000,0x00000000f2950900,0x00000000f3780000)
  to   space 19456K, 0% used [0x00000000f7e00000,0x00000000f7e00000,0x00000000f9100000)
 ParOldGen       total 120320K, used 49790K [0x00000000a0000000, 0x00000000a7580000, 0x00000000e0000000)
  object space 120320K, 41% used [0x00000000a0000000,0x00000000a309f878,0x00000000a7580000)
 Metaspace       used 95142K, capacity 98681K, committed 98968K, reserved 1136640K
  class space    used 11952K, capacity 12686K, committed 12720K, reserved 1048576K
}
Event: 846.780 GC heap before
{Heap before GC invocations=30 (full 4):
 PSYoungGen      total 318976K, used 304450K [0x00000000e0000000, 0x00000000f9100000, 0x0000000100000000)
  eden space 299008K, 100% used [0x00000000e0000000,0x00000000f2400000,0x00000000f2400000)
  from space 19968K, 27% used [0x00000000f2400000,0x00000000f2950900,0x00000000f3780000)
  to   space 19456K, 0% used [0x00000000f7e00000,0x00000000f7e00000,0x00000000f9100000)
 ParOldGen       total 120320K, used 49790K [0x00000000a0000000, 0x00000000a7580000, 0x00000000e0000000)
  object space 120320K, 41% used [0x00000000a0000000,0x00000000a309f878,0x00000000a7580000)
 Metaspace       used 95210K, capacity 98751K, committed 98968K, reserved 1136640K
  class space    used 11952K, capacity 12687K, committed 12720K, reserved 1048576K
Event: 846.798 GC heap after
Heap after GC invocations=30 (full 4):
 PSYoungGen      total 381952K, used 5780K [0x00000000e0000000, 0x00000000f8c00000, 0x0000000100000000)
  eden space 367616K, 0% used [0x00000000e0000000,0x00000000e0000000,0x00000000f6700000)
  from space 14336K, 40% used [0x00000000f7e00000,0x00000000f83a5390,0x00000000f8c00000)
  to   space 18944K, 0% used [0x00000000f6700000,0x00000000f6700000,0x00000000f7980000)
 ParOldGen       total 120320K, used 49798K [0x00000000a0000000, 0x00000000a7580000, 0x00000000e0000000)
  object space 120320K, 41% used [0x00000000a0000000,0x00000000a30a1878,0x00000000a7580000)
 Metaspace       used 95210K, capacity 98751K, committed 98968K, reserved 1136640K
  class space    used 11952K, capacity 12687K, committed 12720K, reserved 1048576K
}
Event: 849.931 GC heap before
{Heap before GC invocations=31 (full 4):
 PSYoungGen      total 381952K, used 373396K [0x00000000e0000000, 0x00000000f8c00000, 0x0000000100000000)
  eden space 367616K, 100% used [0x00000000e0000000,0x00000000f6700000,0x00000000f6700000)
  from space 14336K, 40% used [0x00000000f7e00000,0x00000000f83a5390,0x00000000f8c00000)
  to   space 18944K, 0% used [0x00000000f6700000,0x00000000f6700000,0x00000000f7980000)
 ParOldGen       total 120320K, used 49798K [0x00000000a0000000, 0x00000000a7580000, 0x00000000e0000000)
  object space 120320K, 41% used [0x00000000a0000000,0x00000000a30a1878,0x00000000a7580000)
 Metaspace       used 95267K, capacity 98815K, committed 98968K, reserved 1136640K
  class space    used 11953K, capacity 12687K, committed 12720K, reserved 1048576K
Event: 849.950 GC heap after
Heap after GC invocations=31 (full 4):
 PSYoungGen      total 386560K, used 5299K [0x00000000e0000000, 0x00000000fd800000, 0x0000000100000000)
  eden space 367616K, 0% used [0x00000000e0000000,0x00000000e0000000,0x00000000f6700000)
  from space 18944K, 27% used [0x00000000f6700000,0x00000000f6c2ccf8,0x00000000f7980000)
  to   space 18432K, 0% used [0x00000000fc600000,0x00000000fc600000,0x00000000fd800000)
 ParOldGen       total 120320K, used 49806K [0x00000000a0000000, 0x00000000a7580000, 0x00000000e0000000)
  object space 120320K, 41% used [0x00000000a0000000,0x00000000a30a3878,0x00000000a7580000)
 Metaspace       used 95267K, capacity 98815K, committed 98968K, reserved 1136640K
  class space    used 11953K, capacity 12687K, committed 12720K, reserved 1048576K
}
Event: 852.436 GC heap before
{Heap before GC invocations=32 (full 4):
 PSYoungGen      total 386560K, used 372915K [0x00000000e0000000, 0x00000000fd800000, 0x0000000100000000)
  eden space 367616K, 100% used [0x00000000e0000000,0x00000000f6700000,0x00000000f6700000)
  from space 18944K, 27% used [0x00000000f6700000,0x00000000f6c2ccf8,0x00000000f7980000)
  to   space 18432K, 0% used [0x00000000fc600000,0x00000000fc600000,0x00000000fd800000)
 ParOldGen       total 120320K, used 49806K [0x00000000a0000000, 0x00000000a7580000, 0x00000000e0000000)
  object space 120320K, 41% used [0x00000000a0000000,0x00000000a30a3878,0x00000000a7580000)
 Metaspace       used 95296K, capacity 98815K, committed 98968K, reserved 1136640K
  class space    used 11953K, capacity 12687K, committed 12720K, reserved 1048576K
Event: 852.456 GC heap after
Heap after GC invocations=32 (full 4):
 PSYoungGen      total 454656K, used 2412K [0x00000000e0000000, 0x00000000fd300000, 0x0000000100000000)
  eden space 441344K, 0% used [0x00000000e0000000,0x00000000e0000000,0x00000000faf00000)
  from space 13312K, 18% used [0x00000000fc600000,0x00000000fc85b240,0x00000000fd300000)
  to   space 18432K, 0% used [0x00000000faf00000,0x00000000faf00000,0x00000000fc100000)
 ParOldGen       total 120320K, used 52373K [0x00000000a0000000, 0x00000000a7580000, 0x00000000e0000000)
  object space 120320K, 43% used [0x00000000a0000000,0x00000000a3325480,0x00000000a7580000)
 Metaspace       used 95296K, capacity 98815K, committed 98968K, reserved 1136640K
  class space    used 11953K, capacity 12687K, committed 12720K, reserved 1048576K
}
Event: 890.299 GC heap before
{Heap before GC invocations=33 (full 4):
 PSYoungGen      total 454656K, used 443756K [0x00000000e0000000, 0x00000000fd300000, 0x0000000100000000)
  eden space 441344K, 100% used [0x00000000e0000000,0x00000000faf00000,0x00000000faf00000)
  from space 13312K, 18% used [0x00000000fc600000,0x00000000fc85b240,0x00000000fd300000)
  to   space 18432K, 0% used [0x00000000faf00000,0x00000000faf00000,0x00000000fc100000)
 ParOldGen       total 120320K, used 52373K [0x00000000a0000000, 0x00000000a7580000, 0x00000000e0000000)
  object space 120320K, 43% used [0x00000000a0000000,0x00000000a3325480,0x00000000a7580000)
 Metaspace       used 95336K, capacity 98879K, committed 98968K, reserved 1136640K
  class space    used 11953K, capacity 12687K, committed 12720K, reserved 1048576K

